<?xml version="1.0" encoding="UTF-8"?>
<!-- Generated by org.testng.reporters.JUnitXMLReporter -->
<testsuite hostname="INFCHSZA4008" ignored="0" name="Temenos Test" tests="1" failures="0" timestamp="13 Dec 2019 12:37:54 GMT" time="113.805" errors="0">
  <testcase name="@AfterMethod afterMethod" time="0.738" classname="utility.BaseClass">
    <failure type="java.lang.NullPointerException">
      <![CDATA[java.lang.NullPointerException
at utility.BaseClass.afterMethod(BaseClass.java:190)
at java.util.concurrent.FutureTask.run(Unknown Source)
at java.util.concurrent.ThreadPoolExecutor.runWorker(Unknown Source)
at java.util.concurrent.ThreadPoolExecutor$Worker.run(Unknown Source)
at java.lang.Thread.run(Unknown Source)
... Removed 19 stack frames]]>
    </failure>
  </testcase> <!-- @AfterMethod afterMethod -->
  <testcase name="feature" time="112.275" classname="MyRunner.DepositRunner"/>
</testsuite> <!-- Temenos Test -->
