<?xml version="1.0" encoding="UTF-8"?>
<testng-results skipped="0" failed="0" ignored="0" total="1" passed="1">
  <reporter-output>
  </reporter-output>
  <suite name="Temenos Test Suite" duration-ms="113805" started-at="2019-12-13T12:36:00Z" finished-at="2019-12-13T12:37:54Z">
    <groups>
      <group name="cucumber">
        <method signature="DepositRunner.feature(cucumber.api.testng.CucumberFeatureWrapper)[pri:0, instance:MyRunner.DepositRunner@30a3107a]" name="feature" class="MyRunner.DepositRunner"/>
      </group> <!-- cucumber -->
    </groups>
    <test name="Temenos Test" duration-ms="113805" started-at="2019-12-13T12:36:00Z" finished-at="2019-12-13T12:37:54Z">
      <class name="MyRunner.DepositRunner">
        <test-method status="PASS" signature="beforeSuite(java.lang.String)[pri:0, instance:MyRunner.DepositRunner@30a3107a]" name="beforeSuite" is-config="true" duration-ms="66" started-at="2019-12-13T12:36:00Z" finished-at="2019-12-13T12:36:00Z">
          <params>
            <param index="0">
              <value>
                <![CDATA[config.properties]]>
              </value>
            </param>
          </params>
          <reporter-output>
          </reporter-output>
        </test-method> <!-- beforeSuite -->
        <test-method status="PASS" signature="setUpClass()[pri:0, instance:MyRunner.DepositRunner@30a3107a]" name="setUpClass" is-config="true" duration-ms="272" started-at="2019-12-13T12:36:00Z" finished-at="2019-12-13T12:36:01Z">
          <reporter-output>
          </reporter-output>
        </test-method> <!-- setUpClass -->
        <test-method status="PASS" signature="beforeMethod()[pri:0, instance:MyRunner.DepositRunner@30a3107a]" name="beforeMethod" is-config="true" duration-ms="0" started-at="2019-12-13T12:36:01Z" finished-at="2019-12-13T12:36:01Z">
          <reporter-output>
          </reporter-output>
        </test-method> <!-- beforeMethod -->
        <test-method status="PASS" signature="feature(cucumber.api.testng.CucumberFeatureWrapper)[pri:0, instance:MyRunner.DepositRunner@30a3107a]" name="feature" duration-ms="112275" started-at="2019-12-13T12:36:01Z" description="Runs Cucumber Feature" data-provider="features" finished-at="2019-12-13T12:37:53Z">
          <params>
            <param index="0">
              <value>
                <![CDATA[Temenos T24 Deposit creation Feature]]>
              </value>
            </param>
          </params>
          <reporter-output>
          </reporter-output>
        </test-method> <!-- feature -->
        <test-method status="FAIL" signature="afterMethod(org.testng.ITestResult)[pri:0, instance:MyRunner.DepositRunner@30a3107a]" name="afterMethod" is-config="true" duration-ms="738" started-at="2019-12-13T12:37:53Z" finished-at="2019-12-13T12:37:54Z">
          <params>
            <param index="0">
              <value>
                <![CDATA[[TestResult name=feature status=SUCCESS method=DepositRunner.feature(cucumber.api.testng.CucumberFeatureWrapper)[pri:0, instance:MyRunner.DepositRunner@30a3107a] output={null}]]]>
              </value>
            </param>
          </params>
          <exception class="java.lang.NullPointerException">
            <full-stacktrace>
              <![CDATA[java.lang.NullPointerException
at utility.BaseClass.afterMethod(BaseClass.java:190)
at sun.reflect.NativeMethodAccessorImpl.invoke0(Native Method)
at sun.reflect.NativeMethodAccessorImpl.invoke(Unknown Source)
at sun.reflect.DelegatingMethodAccessorImpl.invoke(Unknown Source)
at java.lang.reflect.Method.invoke(Unknown Source)
at org.testng.internal.MethodInvocationHelper.invokeMethod(MethodInvocationHelper.java:124)
at org.testng.internal.MethodInvocationHelper.invokeMethodConsideringTimeout(MethodInvocationHelper.java:59)
at org.testng.internal.Invoker.invokeConfigurationMethod(Invoker.java:458)
at org.testng.internal.Invoker.invokeConfigurations(Invoker.java:222)
at org.testng.internal.Invoker.invokeMethod(Invoker.java:646)
at org.testng.internal.Invoker.invokeTestMethod(Invoker.java:719)
at org.testng.internal.Invoker.invokeTestMethods(Invoker.java:989)
at org.testng.internal.TestMethodWorker.invokeTestMethods(TestMethodWorker.java:125)
at org.testng.internal.TestMethodWorker.run(TestMethodWorker.java:109)
at org.testng.TestRunner.privateRun(TestRunner.java:648)
at org.testng.TestRunner.run(TestRunner.java:505)
at org.testng.SuiteRunner.runTest(SuiteRunner.java:455)
at org.testng.SuiteRunner.access$000(SuiteRunner.java:40)
at org.testng.SuiteRunner$SuiteWorker.run(SuiteRunner.java:489)
at org.testng.internal.thread.ThreadUtil$1.call(ThreadUtil.java:52)
at java.util.concurrent.FutureTask.run(Unknown Source)
at java.util.concurrent.ThreadPoolExecutor.runWorker(Unknown Source)
at java.util.concurrent.ThreadPoolExecutor$Worker.run(Unknown Source)
at java.lang.Thread.run(Unknown Source)
]]>
            </full-stacktrace>
          </exception> <!-- java.lang.NullPointerException -->
          <reporter-output>
          </reporter-output>
        </test-method> <!-- afterMethod -->
        <test-method status="PASS" signature="tearDownClass()[pri:0, instance:MyRunner.DepositRunner@30a3107a]" name="tearDownClass" is-config="true" duration-ms="401" started-at="2019-12-13T12:37:54Z" finished-at="2019-12-13T12:37:54Z">
          <reporter-output>
          </reporter-output>
        </test-method> <!-- tearDownClass -->
        <test-method status="PASS" signature="afterSuite()[pri:0, instance:MyRunner.DepositRunner@30a3107a]" name="afterSuite" is-config="true" duration-ms="4739" started-at="2019-12-13T12:37:54Z" finished-at="2019-12-13T12:37:59Z">
          <reporter-output>
          </reporter-output>
        </test-method> <!-- afterSuite -->
      </class> <!-- MyRunner.DepositRunner -->
    </test> <!-- Temenos Test -->
  </suite> <!-- Temenos Test Suite -->
</testng-results>
